<?xml version="1.0" encoding="UTF-8"?>
<!-- Generated by org.testng.reporters.JUnitXMLReporter -->
<testsuite ignored="4" hostname="QT-INBG-LT0916" failures="3" tests="10" name="Property Loan" time="0.167" errors="0" timestamp="2023-02-20T08:49:24 IST">
  <testcase classname="Default.Basics" name="c2" time="0.013">
    <failure type="java.lang.AssertionError" message="expected [true] but found [false]">
      <![CDATA[java.lang.AssertionError: expected [true] but found [false]
at Default.Basics.c2(Basics.java:16)
at java.base/java.util.ArrayList.forEach(ArrayList.java:1511)
... Removed 31 stack frames]]>
    </failure>
  </testcase> <!-- c2 -->
  <testcase classname="Default.Basic3" name="APIauto" time="0.001"/>
  <testcase classname="Default.Basic3" name="webAutoHomeLoan" time="0.002"/>
  <testcase classname="Default.Basic3" name="mobileAutoHomeLoan" time="0.002"/>
  <testcase classname="Default.Basic2" name="mobileAutocarLoan" time="0.0">
    <failure type="org.testng.TestNGException" message="
Parameter &amp;apos;URL&amp;apos; is required by @Test on method mobileAutocarLoan but has not been marked @Optional or defined
in C:\Users\tamishra.senapati\eclipse-workspace\TestNGLearning\testng3.xml">
      <![CDATA[org.testng.TestNGException: 
Parameter 'URL' is required by @Test on method mobileAutocarLoan but has not been marked @Optional or defined
in C:\Users\tamishra.senapati\eclipse-workspace\TestNGLearning\testng3.xml
at java.base/java.util.ArrayList.forEach(ArrayList.java:1511)
... Removed 26 stack frames]]>
    </failure>
  </testcase> <!-- mobileAutocarLoan -->
  <testcase classname="Default.Basic2" name="mobileSignOut" time="0.013"/>
  <testcase classname="Default.Basic2" name="mobileSignOutCar" time="0.001"/>
  <testcase classname="Default.Basic2" name="mobileSignOutCar" time="0.002"/>
  <testcase classname="Default.Basic2" name="mobileSignOutCar" time="0.001"/>
  <testcase classname="Default.Basic2" name="webAutocarLoan" time="0.0">
    <failure type="org.testng.TestNGException" message="
Parameter &amp;apos;carURL&amp;apos; is required by @Test on method webAutocarLoan but has not been marked @Optional or defined
in C:\Users\tamishra.senapati\eclipse-workspace\TestNGLearning\testng3.xml">
      <![CDATA[org.testng.TestNGException: 
Parameter 'carURL' is required by @Test on method webAutocarLoan but has not been marked @Optional or defined
in C:\Users\tamishra.senapati\eclipse-workspace\TestNGLearning\testng3.xml
at java.base/java.util.ArrayList.forEach(ArrayList.java:1511)
... Removed 26 stack frames]]>
    </failure>
  </testcase> <!-- webAutocarLoan -->
  <testcase classname="Default.Basics1" name="c3" time="0.0">
    <ignored/>
  </testcase> <!-- c3 -->
  <testcase classname="Default.Basic2" name="APIauto" time="0.0">
    <ignored/>
  </testcase> <!-- APIauto -->
  <testcase classname="Default.Basic2" name="mobileSignIn" time="0.0">
    <ignored/>
  </testcase> <!-- mobileSignIn -->
  <testcase classname="Default.Basics" name="c1" time="0.0">
    <ignored/>
  </testcase> <!-- c1 -->
</testsuite> <!-- Property Loan -->
