<?xml version="1.0" encoding="UTF-8"?>
<testng-results ignored="4" total="14" passed="7" failed="3" skipped="0">
  <reporter-output>
  </reporter-output>
  <suite started-at="2023-02-20T08:49:24 IST" name="Loan" finished-at="2023-02-20T08:49:24 IST" duration-ms="167">
    <groups>
    </groups>
    <test started-at="2023-02-20T08:49:24 IST" name="Property Loan" finished-at="2023-02-20T08:49:24 IST" duration-ms="167">
      <class name="Default.Basics1">
        <test-method is-config="true" signature="beforeSuite()[pri:0, instance:Default.Basics1@24fcf36f]" started-at="2023-02-20T08:49:24 IST" name="beforeSuite" finished-at="2023-02-20T08:49:24 IST" duration-ms="18" status="PASS">
          <reporter-output>
          </reporter-output>
        </test-method> <!-- beforeSuite -->
        <test-method is-config="true" signature="beforeTest()[pri:0, instance:Default.Basics1@24fcf36f]" started-at="2023-02-20T08:49:24 IST" name="beforeTest" finished-at="2023-02-20T08:49:24 IST" duration-ms="1" status="PASS">
          <reporter-output>
          </reporter-output>
        </test-method> <!-- beforeTest -->
        <test-method is-config="true" signature="afterTest()[pri:0, instance:Default.Basics1@24fcf36f]" started-at="2023-02-20T08:49:24 IST" name="afterTest" finished-at="2023-02-20T08:49:24 IST" duration-ms="0" status="PASS">
          <reporter-output>
          </reporter-output>
        </test-method> <!-- afterTest -->
        <test-method is-config="true" signature="afterSuite()[pri:0, instance:Default.Basics1@24fcf36f]" started-at="2023-02-20T08:49:24 IST" name="afterSuite" finished-at="2023-02-20T08:49:24 IST" duration-ms="1" status="PASS">
          <reporter-output>
          </reporter-output>
        </test-method> <!-- afterSuite -->
      </class> <!-- Default.Basics1 -->
      <class name="Default.Basic2">
        <test-method signature="mobileAutocarLoan(java.lang.String,java.lang.String)[pri:0, instance:Default.Basic2@73700b80]" started-at="2023-02-20T08:49:24 IST" name="mobileAutocarLoan" finished-at="2023-02-20T08:49:24 IST" duration-ms="0" status="FAIL">
          <exception class="org.testng.TestNGException">
            <message>
              <![CDATA[
Parameter 'URL' is required by @Test on method mobileAutocarLoan but has not been marked @Optional or defined
in C:\Users\tamishra.senapati\eclipse-workspace\TestNGLearning\testng3.xml]]>
            </message>
            <full-stacktrace>
              <![CDATA[org.testng.TestNGException: 
Parameter 'URL' is required by @Test on method mobileAutocarLoan but has not been marked @Optional or defined
in C:\Users\tamishra.senapati\eclipse-workspace\TestNGLearning\testng3.xml
at org.testng.internal.Parameters.createParams(Parameters.java:270)
at org.testng.internal.Parameters.createParametersForMethod(Parameters.java:358)
at org.testng.internal.Parameters.createParameters(Parameters.java:700)
at org.testng.internal.Parameters.handleParameters(Parameters.java:884)
at org.testng.internal.Parameters.handleParameters(Parameters.java:740)
at org.testng.internal.ParameterHandler.handleParameters(ParameterHandler.java:59)
at org.testng.internal.ParameterHandler.createParameters(ParameterHandler.java:38)
at org.testng.internal.TestInvoker$MethodInvocationAgent.invoke(TestInvoker.java:791)
at org.testng.internal.TestInvoker.invokeTestMethods(TestInvoker.java:146)
at org.testng.internal.TestMethodWorker.invokeTestMethods(TestMethodWorker.java:146)
at org.testng.internal.TestMethodWorker.run(TestMethodWorker.java:128)
at java.base/java.util.ArrayList.forEach(ArrayList.java:1511)
at org.testng.TestRunner.privateRun(TestRunner.java:794)
at org.testng.TestRunner.run(TestRunner.java:596)
at org.testng.SuiteRunner.runTest(SuiteRunner.java:377)
at org.testng.SuiteRunner.runSequentially(SuiteRunner.java:371)
at org.testng.SuiteRunner.privateRun(SuiteRunner.java:332)
at org.testng.SuiteRunner.run(SuiteRunner.java:276)
at org.testng.SuiteRunnerWorker.runSuite(SuiteRunnerWorker.java:53)
at org.testng.SuiteRunnerWorker.run(SuiteRunnerWorker.java:96)
at org.testng.TestNG.runSuitesSequentially(TestNG.java:1212)
at org.testng.TestNG.runSuitesLocally(TestNG.java:1134)
at org.testng.TestNG.runSuites(TestNG.java:1063)
at org.testng.TestNG.run(TestNG.java:1031)
at org.testng.remote.AbstractRemoteTestNG.run(AbstractRemoteTestNG.java:115)
at org.testng.remote.RemoteTestNG.initAndRun(RemoteTestNG.java:251)
at org.testng.remote.RemoteTestNG.main(RemoteTestNG.java:77)
]]>
            </full-stacktrace>
          </exception> <!-- org.testng.TestNGException -->
          <reporter-output>
          </reporter-output>
        </test-method> <!-- mobileAutocarLoan -->
        <test-method signature="mobileSignOut()[pri:0, instance:Default.Basic2@73700b80]" started-at="2023-02-20T08:49:24 IST" name="mobileSignOut" finished-at="2023-02-20T08:49:24 IST" duration-ms="13" status="PASS">
          <reporter-output>
          </reporter-output>
        </test-method> <!-- mobileSignOut -->
        <test-method is-config="true" signature="beforeMethod()[pri:0, instance:Default.Basic2@73700b80]" started-at="2023-02-20T08:49:24 IST" name="beforeMethod" finished-at="2023-02-20T08:49:24 IST" duration-ms="0" status="PASS">
          <reporter-output>
          </reporter-output>
        </test-method> <!-- beforeMethod -->
        <test-method signature="mobileSignOutCar(java.lang.String,java.lang.String)[pri:0, instance:Default.Basic2@73700b80]" started-at="2023-02-20T08:49:24 IST" name="mobileSignOutCar" data-provider="getData" finished-at="2023-02-20T08:49:24 IST" duration-ms="1" status="PASS">
          <params>
            <param index="0">
              <value>
                <![CDATA[FirstUserName]]>
              </value>
            </param>
            <param index="1">
              <value>
                <![CDATA[FirstPassword]]>
              </value>
            </param>
          </params>
          <reporter-output>
          </reporter-output>
        </test-method> <!-- mobileSignOutCar -->
        <test-method is-config="true" signature="beforeMethod()[pri:0, instance:Default.Basic2@73700b80]" started-at="2023-02-20T08:49:24 IST" name="beforeMethod" finished-at="2023-02-20T08:49:24 IST" duration-ms="1" status="PASS">
          <reporter-output>
          </reporter-output>
        </test-method> <!-- beforeMethod -->
        <test-method signature="mobileSignOutCar(java.lang.String,java.lang.String)[pri:0, instance:Default.Basic2@73700b80]" started-at="2023-02-20T08:49:24 IST" name="mobileSignOutCar" data-provider="getData" finished-at="2023-02-20T08:49:24 IST" duration-ms="2" status="PASS">
          <params>
            <param index="0">
              <value>
                <![CDATA[SecondUserName]]>
              </value>
            </param>
            <param index="1">
              <value>
                <![CDATA[SecondPassword]]>
              </value>
            </param>
          </params>
          <reporter-output>
          </reporter-output>
        </test-method> <!-- mobileSignOutCar -->
        <test-method is-config="true" signature="beforeMethod()[pri:0, instance:Default.Basic2@73700b80]" started-at="2023-02-20T08:49:24 IST" name="beforeMethod" finished-at="2023-02-20T08:49:24 IST" duration-ms="0" status="PASS">
          <reporter-output>
          </reporter-output>
        </test-method> <!-- beforeMethod -->
        <test-method signature="mobileSignOutCar(java.lang.String,java.lang.String)[pri:0, instance:Default.Basic2@73700b80]" started-at="2023-02-20T08:49:24 IST" name="mobileSignOutCar" data-provider="getData" finished-at="2023-02-20T08:49:24 IST" duration-ms="1" status="PASS">
          <params>
            <param index="0">
              <value>
                <![CDATA[ThirdUserName]]>
              </value>
            </param>
            <param index="1">
              <value>
                <![CDATA[ThirdPassword]]>
              </value>
            </param>
          </params>
          <reporter-output>
          </reporter-output>
        </test-method> <!-- mobileSignOutCar -->
        <test-method is-config="true" signature="beforeMethod()[pri:0, instance:Default.Basic2@73700b80]" started-at="2023-02-20T08:49:24 IST" name="beforeMethod" finished-at="2023-02-20T08:49:24 IST" duration-ms="0" status="PASS">
          <reporter-output>
          </reporter-output>
        </test-method> <!-- beforeMethod -->
        <test-method signature="webAutocarLoan(java.lang.String)[pri:0, instance:Default.Basic2@73700b80]" started-at="2023-02-20T08:49:24 IST" name="webAutocarLoan" finished-at="2023-02-20T08:49:24 IST" duration-ms="0" status="FAIL">
          <exception class="org.testng.TestNGException">
            <message>
              <![CDATA[
Parameter 'carURL' is required by @Test on method webAutocarLoan but has not been marked @Optional or defined
in C:\Users\tamishra.senapati\eclipse-workspace\TestNGLearning\testng3.xml]]>
            </message>
            <full-stacktrace>
              <![CDATA[org.testng.TestNGException: 
Parameter 'carURL' is required by @Test on method webAutocarLoan but has not been marked @Optional or defined
in C:\Users\tamishra.senapati\eclipse-workspace\TestNGLearning\testng3.xml
at org.testng.internal.Parameters.createParams(Parameters.java:270)
at org.testng.internal.Parameters.createParametersForMethod(Parameters.java:358)
at org.testng.internal.Parameters.createParameters(Parameters.java:700)
at org.testng.internal.Parameters.handleParameters(Parameters.java:884)
at org.testng.internal.Parameters.handleParameters(Parameters.java:740)
at org.testng.internal.ParameterHandler.handleParameters(ParameterHandler.java:59)
at org.testng.internal.ParameterHandler.createParameters(ParameterHandler.java:38)
at org.testng.internal.TestInvoker$MethodInvocationAgent.invoke(TestInvoker.java:791)
at org.testng.internal.TestInvoker.invokeTestMethods(TestInvoker.java:146)
at org.testng.internal.TestMethodWorker.invokeTestMethods(TestMethodWorker.java:146)
at org.testng.internal.TestMethodWorker.run(TestMethodWorker.java:128)
at java.base/java.util.ArrayList.forEach(ArrayList.java:1511)
at org.testng.TestRunner.privateRun(TestRunner.java:794)
at org.testng.TestRunner.run(TestRunner.java:596)
at org.testng.SuiteRunner.runTest(SuiteRunner.java:377)
at org.testng.SuiteRunner.runSequentially(SuiteRunner.java:371)
at org.testng.SuiteRunner.privateRun(SuiteRunner.java:332)
at org.testng.SuiteRunner.run(SuiteRunner.java:276)
at org.testng.SuiteRunnerWorker.runSuite(SuiteRunnerWorker.java:53)
at org.testng.SuiteRunnerWorker.run(SuiteRunnerWorker.java:96)
at org.testng.TestNG.runSuitesSequentially(TestNG.java:1212)
at org.testng.TestNG.runSuitesLocally(TestNG.java:1134)
at org.testng.TestNG.runSuites(TestNG.java:1063)
at org.testng.TestNG.run(TestNG.java:1031)
at org.testng.remote.AbstractRemoteTestNG.run(AbstractRemoteTestNG.java:115)
at org.testng.remote.RemoteTestNG.initAndRun(RemoteTestNG.java:251)
at org.testng.remote.RemoteTestNG.main(RemoteTestNG.java:77)
]]>
            </full-stacktrace>
          </exception> <!-- org.testng.TestNGException -->
          <reporter-output>
          </reporter-output>
        </test-method> <!-- webAutocarLoan -->
      </class> <!-- Default.Basic2 -->
      <class name="Default.Basics">
        <test-method signature="c2()[pri:0, instance:Default.Basics@14555e0a]" started-at="2023-02-20T08:49:24 IST" name="c2" finished-at="2023-02-20T08:49:24 IST" duration-ms="13" status="FAIL">
          <exception class="java.lang.AssertionError">
            <message>
              <![CDATA[expected [true] but found [false]]]>
            </message>
            <full-stacktrace>
              <![CDATA[java.lang.AssertionError: expected [true] but found [false]
at org.testng.Assert.fail(Assert.java:99)
at org.testng.Assert.failNotEquals(Assert.java:1037)
at org.testng.Assert.assertTrue(Assert.java:45)
at org.testng.Assert.assertTrue(Assert.java:55)
at Default.Basics.c2(Basics.java:16)
at java.base/jdk.internal.reflect.NativeMethodAccessorImpl.invoke0(Native Method)
at java.base/jdk.internal.reflect.NativeMethodAccessorImpl.invoke(NativeMethodAccessorImpl.java:77)
at java.base/jdk.internal.reflect.DelegatingMethodAccessorImpl.invoke(DelegatingMethodAccessorImpl.java:43)
at java.base/java.lang.reflect.Method.invoke(Method.java:568)
at org.testng.internal.MethodInvocationHelper.invokeMethod(MethodInvocationHelper.java:133)
at org.testng.internal.TestInvoker.invokeMethod(TestInvoker.java:598)
at org.testng.internal.TestInvoker.invokeTestMethod(TestInvoker.java:173)
at org.testng.internal.MethodRunner.runInSequence(MethodRunner.java:46)
at org.testng.internal.TestInvoker$MethodInvocationAgent.invoke(TestInvoker.java:824)
at org.testng.internal.TestInvoker.invokeTestMethods(TestInvoker.java:146)
at org.testng.internal.TestMethodWorker.invokeTestMethods(TestMethodWorker.java:146)
at org.testng.internal.TestMethodWorker.run(TestMethodWorker.java:128)
at java.base/java.util.ArrayList.forEach(ArrayList.java:1511)
at org.testng.TestRunner.privateRun(TestRunner.java:794)
at org.testng.TestRunner.run(TestRunner.java:596)
at org.testng.SuiteRunner.runTest(SuiteRunner.java:377)
at org.testng.SuiteRunner.runSequentially(SuiteRunner.java:371)
at org.testng.SuiteRunner.privateRun(SuiteRunner.java:332)
at org.testng.SuiteRunner.run(SuiteRunner.java:276)
at org.testng.SuiteRunnerWorker.runSuite(SuiteRunnerWorker.java:53)
at org.testng.SuiteRunnerWorker.run(SuiteRunnerWorker.java:96)
at org.testng.TestNG.runSuitesSequentially(TestNG.java:1212)
at org.testng.TestNG.runSuitesLocally(TestNG.java:1134)
at org.testng.TestNG.runSuites(TestNG.java:1063)
at org.testng.TestNG.run(TestNG.java:1031)
at org.testng.remote.AbstractRemoteTestNG.run(AbstractRemoteTestNG.java:115)
at org.testng.remote.RemoteTestNG.initAndRun(RemoteTestNG.java:251)
at org.testng.remote.RemoteTestNG.main(RemoteTestNG.java:77)
]]>
            </full-stacktrace>
          </exception> <!-- java.lang.AssertionError -->
          <reporter-output>
          </reporter-output>
        </test-method> <!-- c2 -->
      </class> <!-- Default.Basics -->
      <class name="Default.Basic3">
        <test-method is-config="true" signature="beforeClass()[pri:0, instance:Default.Basic3@3c73951]" started-at="2023-02-20T08:49:24 IST" name="beforeClass" finished-at="2023-02-20T08:49:24 IST" duration-ms="0" status="PASS">
          <reporter-output>
          </reporter-output>
        </test-method> <!-- beforeClass -->
        <test-method signature="APIauto()[pri:0, instance:Default.Basic3@3c73951]" started-at="2023-02-20T08:49:24 IST" name="APIauto" finished-at="2023-02-20T08:49:24 IST" duration-ms="1" status="PASS">
          <reporter-output>
          </reporter-output>
        </test-method> <!-- APIauto -->
        <test-method signature="webAutoHomeLoan()[pri:0, instance:Default.Basic3@3c73951]" started-at="2023-02-20T08:49:24 IST" name="webAutoHomeLoan" finished-at="2023-02-20T08:49:24 IST" duration-ms="2" status="PASS">
          <reporter-output>
          </reporter-output>
        </test-method> <!-- webAutoHomeLoan -->
        <test-method signature="mobileAutoHomeLoan()[pri:0, instance:Default.Basic3@3c73951]" started-at="2023-02-20T08:49:24 IST" name="mobileAutoHomeLoan" finished-at="2023-02-20T08:49:24 IST" depends-on-methods="Default.Basic3.APIauto, Default.Basic3.webAutoHomeLoan" duration-ms="2" status="PASS">
          <reporter-output>
          </reporter-output>
        </test-method> <!-- mobileAutoHomeLoan -->
      </class> <!-- Default.Basic3 -->
    </test> <!-- Property Loan -->
  </suite> <!-- Loan -->
</testng-results>
